[0.012s] Invoking command in '/home/thiago/workspaces/ros2_py_ws/build/robo_clase22': CMAKE_PREFIX_PATH=/opt/ros/humble /usr/bin/cmake --build /home/thiago/workspaces/ros2_py_ws/build/robo_clase22 -- -j12 -l12
[0.033s] -- Found ament_cmake: 1.3.3 (/opt/ros/humble/share/ament_cmake/cmake)
[0.154s] -- Override CMake install command with custom implementation using symlinks instead of copying resources
[0.159s] -- Found cv_bridge: 3.2.1 (/opt/ros/humble/share/cv_bridge/cmake)
[0.183s] -- Found rosidl_generator_c: 3.1.4 (/opt/ros/humble/share/rosidl_generator_c/cmake)
[0.184s] -- Found rosidl_adapter: 3.1.4 (/opt/ros/humble/share/rosidl_adapter/cmake)
[0.188s] -- Found rosidl_generator_cpp: 3.1.4 (/opt/ros/humble/share/rosidl_generator_cpp/cmake)
[0.196s] -- Using all available rosidl_typesupport_c: rosidl_typesupport_fastrtps_c;rosidl_typesupport_introspection_c
[0.208s] -- Using all available rosidl_typesupport_cpp: rosidl_typesupport_fastrtps_cpp;rosidl_typesupport_introspection_cpp
[0.394s] -- Found rosidl_default_generators: 1.2.0 (/opt/ros/humble/share/rosidl_default_generators/cmake)
[0.547s] [31mCMake Error at /opt/ros/humble/share/rosidl_adapter/cmake/rosidl_adapt_interfaces.cmake:59 (message):
[0.547s]   execute_process(/usr/bin/python3.10 -m rosidl_adapter --package-name
[0.547s]   robo_clase22 --arguments-file
[0.547s]   /home/thiago/workspaces/ros2_py_ws/build/robo_clase22/rosidl_adapter__arguments__robo_clase22.json
[0.547s]   --output-dir
[0.547s]   /home/thiago/workspaces/ros2_py_ws/build/robo_clase22/rosidl_adapter/robo_clase22
[0.547s]   --output-file
[0.547s]   /home/thiago/workspaces/ros2_py_ws/build/robo_clase22/rosidl_adapter/robo_clase22.idls)
[0.547s]   returned error code 1:
[0.547s] 
[0.547s]   Error processing 'float goal_point' of 'robo_clase22/Navigate_Goal':
[0.547s]   ''float' is an invalid message name.  It should have the pattern
[0.547s]   '^[A-Z][A-Za-z0-9]*$''
[0.547s] 
[0.548s]   Traceback (most recent call last):
[0.548s] 
[0.548s]     File "/usr/lib/python3.10/runpy.py", line 196, in _run_module_as_main
[0.548s]       return _run_code(code, main_globals, None,
[0.548s]     File "/usr/lib/python3.10/runpy.py", line 86, in _run_code
[0.548s]       exec(code, run_globals)
[0.548s]     File "/opt/ros/humble/local/lib/python3.10/dist-packages/rosidl_adapter/__main__.py", line 19, in <module>
[0.548s]       sys.exit(main())
[0.548s]     File "/opt/ros/humble/local/lib/python3.10/dist-packages/rosidl_adapter/main.py", line 53, in main
[0.548s]       abs_idl_file = convert_to_idl(
[0.548s]     File "/opt/ros/humble/local/lib/python3.10/dist-packages/rosidl_adapter/__init__.py", line 29, in convert_to_idl
[0.548s]       return convert_action_to_idl(
[0.548s]     File "/opt/ros/humble/local/lib/python3.10/dist-packages/rosidl_adapter/action/__init__.py", line 28, in convert_action_to_idl
[0.548s]       action = parse_action_string(package_name, input_file.stem, content)
[0.548s]     File "/opt/ros/humble/local/lib/python3.10/dist-packages/rosidl_adapter/parser.py", line 902, in parse_action_string
[0.548s]       goal_message = parse_message_string(
[0.548s]     File "/opt/ros/humble/local/lib/python3.10/dist-packages/rosidl_adapter/parser.py", line 520, in parse_message_string
[0.548s]       Type(type_string, context_package_name=pkg_name),
[0.548s]     File "/opt/ros/humble/local/lib/python3.10/dist-packages/rosidl_adapter/parser.py", line 277, in __init__
[0.548s]       super(Type, self).__init__(
[0.548s]     File "/opt/ros/humble/local/lib/python3.10/dist-packages/rosidl_adapter/parser.py", line 205, in __init__
[0.548s]       raise InvalidResourceName(
[0.549s] 
[0.549s]   rosidl_adapter.parser.InvalidResourceName: 'float' is an invalid message
[0.549s]   name.  It should have the pattern '^[A-Z][A-Za-z0-9]*$'
[0.549s] 
[0.549s] Call Stack (most recent call first):
[0.549s]   /opt/ros/humble/share/rosidl_cmake/cmake/rosidl_generate_interfaces.cmake:130 (rosidl_adapt_interfaces)
[0.549s]   CMakeLists.txt:16 (rosidl_generate_interfaces)
[0.549s] 
[0.549s] [0m
[0.549s] -- Configuring incomplete, errors occurred!
[0.549s] See also "/home/thiago/workspaces/ros2_py_ws/build/robo_clase22/CMakeFiles/CMakeOutput.log".
[0.551s] gmake: *** [Makefile:991: cmake_check_build_system] Error 1
[0.553s] Invoked command in '/home/thiago/workspaces/ros2_py_ws/build/robo_clase22' returned '2': CMAKE_PREFIX_PATH=/opt/ros/humble /usr/bin/cmake --build /home/thiago/workspaces/ros2_py_ws/build/robo_clase22 -- -j12 -l12
