In file included from [01m[K/home/thiago/workspaces/ros2_py_ws/build/robo_clase22/rosidl_generator_c/robo_clase22/action/detail/navigate__functions.h:19[m[K,
                 from [01m[K/home/thiago/workspaces/ros2_py_ws/build/robo_clase22/rosidl_generator_c/robo_clase22/action/detail/navigate__functions.c:4[m[K:
[01m[K/home/thiago/workspaces/ros2_py_ws/build/robo_clase22/rosidl_generator_c/robo_clase22/action/detail/navigate__struct.h:83:10:[m[K [01;31m[Kfatal error: [m[Kunique_identifier_msgs/msg/detail/uuid__struct.h: No such file or directory
   83 | #include [01;31m[K"unique_identifier_msgs/msg/detail/uuid__struct.h"[m[K
      |          [01;31m[K^~~~~~~~~~~~~~~~~~~~~~~~~~~~~~~~~~~~~~~~~~~~~~~~~~[m[K
compilation terminated.
gmake[2]: *** [CMakeFiles/robo_clase22__rosidl_generator_c.dir/build.make:224: CMakeFiles/robo_clase22__rosidl_generator_c.dir/rosidl_generator_c/robo_clase22/action/detail/navigate__functions.c.o] Error 1
gmake[2]: *** Waiting for unfinished jobs....
gmake[1]: *** [CMakeFiles/Makefile2:216: CMakeFiles/robo_clase22__rosidl_generator_c.dir/all] Error 2
gmake[1]: *** Waiting for unfinished jobs....
In file included from [01m[K/home/thiago/workspaces/ros2_py_ws/build/robo_clase22/rosidl_typesupport_cpp/robo_clase22/action/navigate__type_support.cpp:7[m[K:
[01m[K/home/thiago/workspaces/ros2_py_ws/build/robo_clase22/rosidl_generator_cpp/robo_clase22/action/detail/navigate__struct.hpp:359:10:[m[K [01;31m[Kfatal error: [m[Kunique_identifier_msgs/msg/detail/uuid__struct.hpp: No such file or directory
  359 | #include [01;31m[K"unique_identifier_msgs/msg/detail/uuid__struct.hpp"[m[K
      |          [01;31m[K^~~~~~~~~~~~~~~~~~~~~~~~~~~~~~~~~~~~~~~~~~~~~~~~~~~~[m[K
compilation terminated.
gmake[2]: *** [CMakeFiles/robo_clase22__rosidl_typesupport_cpp.dir/build.make:193: CMakeFiles/robo_clase22__rosidl_typesupport_cpp.dir/rosidl_typesupport_cpp/robo_clase22/action/navigate__type_support.cpp.o] Error 1
gmake[2]: *** Waiting for unfinished jobs....
In file included from [01m[K/home/thiago/workspaces/ros2_py_ws/build/robo_clase22/rosidl_typesupport_introspection_cpp/robo_clase22/action/detail/navigate__type_support.cpp:12[m[K:
[01m[K/home/thiago/workspaces/ros2_py_ws/build/robo_clase22/rosidl_generator_cpp/robo_clase22/action/detail/navigate__struct.hpp:359:10:[m[K [01;31m[Kfatal error: [m[Kunique_identifier_msgs/msg/detail/uuid__struct.hpp: No such file or directory
  359 | #include [01;31m[K"unique_identifier_msgs/msg/detail/uuid__struct.hpp"[m[K
      |          [01;31m[K^~~~~~~~~~~~~~~~~~~~~~~~~~~~~~~~~~~~~~~~~~~~~~~~~~~~[m[K
compilation terminated.
gmake[2]: *** [CMakeFiles/robo_clase22__rosidl_typesupport_introspection_cpp.dir/build.make:201: CMakeFiles/robo_clase22__rosidl_typesupport_introspection_cpp.dir/rosidl_typesupport_introspection_cpp/robo_clase22/action/detail/navigate__type_support.cpp.o] Error 1
gmake[2]: *** Waiting for unfinished jobs....
In file included from [01m[K/home/thiago/workspaces/ros2_py_ws/build/robo_clase22/rosidl_typesupport_fastrtps_cpp/robo_clase22/action/detail/navigate__rosidl_typesupport_fastrtps_cpp.hpp:11[m[K,
                 from [01m[K/home/thiago/workspaces/ros2_py_ws/build/robo_clase22/rosidl_typesupport_fastrtps_cpp/robo_clase22/action/detail/dds_fastrtps/navigate__type_support.cpp:4[m[K:
[01m[K/home/thiago/workspaces/ros2_py_ws/build/robo_clase22/rosidl_generator_cpp/robo_clase22/action/detail/navigate__struct.hpp:359:10:[m[K [01;31m[Kfatal error: [m[Kunique_identifier_msgs/msg/detail/uuid__struct.hpp: No such file or directory
  359 | #include [01;31m[K"unique_identifier_msgs/msg/detail/uuid__struct.hpp"[m[K
      |          [01;31m[K^~~~~~~~~~~~~~~~~~~~~~~~~~~~~~~~~~~~~~~~~~~~~~~~~~~~[m[K
compilation terminated.
gmake[2]: *** [CMakeFiles/robo_clase22__rosidl_typesupport_fastrtps_cpp.dir/build.make:201: CMakeFiles/robo_clase22__rosidl_typesupport_fastrtps_cpp.dir/rosidl_typesupport_fastrtps_cpp/robo_clase22/action/detail/dds_fastrtps/navigate__type_support.cpp.o] Error 1
gmake[2]: *** Waiting for unfinished jobs....
gmake[1]: *** [CMakeFiles/Makefile2:398: CMakeFiles/robo_clase22__rosidl_typesupport_cpp.dir/all] Error 2
gmake[1]: *** [CMakeFiles/Makefile2:372: CMakeFiles/robo_clase22__rosidl_typesupport_introspection_cpp.dir/all] Error 2
gmake[1]: *** [CMakeFiles/Makefile2:294: CMakeFiles/robo_clase22__rosidl_typesupport_fastrtps_cpp.dir/all] Error 2
gmake: *** [Makefile:146: all] Error 2
