[0.014s] Invoking command in '/home/thiago/workspaces/ros2_py_ws/build/robo_clase22': CMAKE_PREFIX_PATH=/opt/ros/humble /usr/bin/cmake --build /home/thiago/workspaces/ros2_py_ws/build/robo_clase22 -- -j12 -l12
[0.035s] -- Found ament_cmake: 1.3.3 (/opt/ros/humble/share/ament_cmake/cmake)
[0.136s] -- Override CMake install command with custom implementation using symlinks instead of copying resources
[0.145s] -- Found cv_bridge: 3.2.1 (/opt/ros/humble/share/cv_bridge/cmake)
[0.176s] -- Found rosidl_generator_c: 3.1.4 (/opt/ros/humble/share/rosidl_generator_c/cmake)
[0.178s] -- Found rosidl_adapter: 3.1.4 (/opt/ros/humble/share/rosidl_adapter/cmake)
[0.183s] -- Found rosidl_generator_cpp: 3.1.4 (/opt/ros/humble/share/rosidl_generator_cpp/cmake)
[0.190s] -- Using all available rosidl_typesupport_c: rosidl_typesupport_fastrtps_c;rosidl_typesupport_introspection_c
[0.201s] -- Using all available rosidl_typesupport_cpp: rosidl_typesupport_fastrtps_cpp;rosidl_typesupport_introspection_cpp
[0.378s] -- Found rosidl_default_generators: 1.2.0 (/opt/ros/humble/share/rosidl_default_generators/cmake)
[0.649s] -- Found ament_cmake_ros: 0.10.0 (/opt/ros/humble/share/ament_cmake_ros/cmake)
[0.984s] -- Using all available rosidl_typesupport_c: rosidl_typesupport_fastrtps_c;rosidl_typesupport_introspection_c
[1.120s] -- Using all available rosidl_typesupport_cpp: rosidl_typesupport_fastrtps_cpp;rosidl_typesupport_introspection_cpp
[1.135s] -- Found python_cmake_module: 0.10.0 (/opt/ros/humble/share/python_cmake_module/cmake)
[1.150s] -- Using PYTHON_EXECUTABLE: /usr/bin/python3
[1.150s] -- Using PYTHON_INCLUDE_DIRS: /usr/include/python3.10
[1.150s] -- Using PYTHON_LIBRARIES: /usr/lib/x86_64-linux-gnu/libpython3.10.so
[1.187s] -- Found ament_lint_auto: 0.12.5 (/opt/ros/humble/share/ament_lint_auto/cmake)
[1.194s] -- Added test 'flake8' to check Python code syntax and style conventions
[1.195s] -- Added test 'lint_cmake' to check CMake code style
[1.195s] -- Added test 'pep257' to check Python code against some of the docstring style conventions in PEP 257
[1.196s] -- Added test 'xmllint' to check XML markup files
[1.198s] -- Configuring done
[1.227s] -- Generating done
[1.229s] -- Build files have been written to: /home/thiago/workspaces/ros2_py_ws/build/robo_clase22
[1.247s] [35m[1mConsolidate compiler generated dependencies of target robo_clase22__rosidl_generator_c[0m
[1.252s] [  2%] Built target robo_clase22__cpp
[1.253s] [  5%] [32mBuilding C object CMakeFiles/robo_clase22__rosidl_generator_c.dir/rosidl_generator_c/robo_clase22/action/detail/navigate__functions.c.o[0m
[1.258s] [  5%] Built target ament_cmake_python_symlink_robo_clase22
[1.258s] [  5%] Built target ament_cmake_python_symlink_scripts
[1.258s] [35m[1mConsolidate compiler generated dependencies of target robo_clase22__rosidl_typesupport_cpp[0m
[1.258s] [35m[1mConsolidate compiler generated dependencies of target robo_clase22__rosidl_typesupport_introspection_cpp[0m
[1.259s] [35m[1mConsolidate compiler generated dependencies of target robo_clase22__rosidl_typesupport_fastrtps_cpp[0m
[1.263s] In file included from [01m[K/home/thiago/workspaces/ros2_py_ws/build/robo_clase22/rosidl_generator_c/robo_clase22/action/detail/navigate__functions.h:19[m[K,
[1.263s]                  from [01m[K/home/thiago/workspaces/ros2_py_ws/build/robo_clase22/rosidl_generator_c/robo_clase22/action/detail/navigate__functions.c:4[m[K:
[1.263s] [01m[K/home/thiago/workspaces/ros2_py_ws/build/robo_clase22/rosidl_generator_c/robo_clase22/action/detail/navigate__struct.h:83:10:[m[K [01;31m[Kfatal error: [m[Kunique_identifier_msgs/msg/detail/uuid__struct.h: No such file or directory
[1.263s]    83 | #include [01;31m[K"unique_identifier_msgs/msg/detail/uuid__struct.h"[m[K
[1.263s]       |          [01;31m[K^~~~~~~~~~~~~~~~~~~~~~~~~~~~~~~~~~~~~~~~~~~~~~~~~~[m[K
[1.263s] compilation terminated.
[1.263s] gmake[2]: *** [CMakeFiles/robo_clase22__rosidl_generator_c.dir/build.make:224: CMakeFiles/robo_clase22__rosidl_generator_c.dir/rosidl_generator_c/robo_clase22/action/detail/navigate__functions.c.o] Error 1
[1.263s] gmake[1]: *** [CMakeFiles/Makefile2:216: CMakeFiles/robo_clase22__rosidl_generator_c.dir/all] Error 2
[1.263s] gmake[1]: *** Waiting for unfinished jobs....
[1.267s] [  7%] [32mBuilding CXX object CMakeFiles/robo_clase22__rosidl_typesupport_introspection_cpp.dir/rosidl_typesupport_introspection_cpp/robo_clase22/action/detail/navigate__type_support.cpp.o[0m
[1.267s] [ 10%] [32mBuilding CXX object CMakeFiles/robo_clase22__rosidl_typesupport_cpp.dir/rosidl_typesupport_cpp/robo_clase22/action/navigate__type_support.cpp.o[0m
[1.268s] [ 12%] [32mBuilding CXX object CMakeFiles/robo_clase22__rosidl_typesupport_fastrtps_cpp.dir/rosidl_typesupport_fastrtps_cpp/robo_clase22/action/detail/dds_fastrtps/navigate__type_support.cpp.o[0m
[1.301s] In file included from [01m[K/home/thiago/workspaces/ros2_py_ws/build/robo_clase22/rosidl_typesupport_cpp/robo_clase22/action/navigate__type_support.cpp:7[m[K:
[1.302s] [01m[K/home/thiago/workspaces/ros2_py_ws/build/robo_clase22/rosidl_generator_cpp/robo_clase22/action/detail/navigate__struct.hpp:359:10:[m[K [01;31m[Kfatal error: [m[Kunique_identifier_msgs/msg/detail/uuid__struct.hpp: No such file or directory
[1.302s]   359 | #include [01;31m[K"unique_identifier_msgs/msg/detail/uuid__struct.hpp"[m[K
[1.302s]       |          [01;31m[K^~~~~~~~~~~~~~~~~~~~~~~~~~~~~~~~~~~~~~~~~~~~~~~~~~~~[m[K
[1.302s] compilation terminated.
[1.302s] In file included from [01m[K/home/thiago/workspaces/ros2_py_ws/build/robo_clase22/rosidl_typesupport_fastrtps_cpp/robo_clase22/action/detail/navigate__rosidl_typesupport_fastrtps_cpp.hpp:11[m[K,
[1.302s]                  from [01m[K/home/thiago/workspaces/ros2_py_ws/build/robo_clase22/rosidl_typesupport_fastrtps_cpp/robo_clase22/action/detail/dds_fastrtps/navigate__type_support.cpp:4[m[K:
[1.302s] [01m[K/home/thiago/workspaces/ros2_py_ws/build/robo_clase22/rosidl_generator_cpp/robo_clase22/action/detail/navigate__struct.hpp:359:10:[m[K [01;31m[Kfatal error: [m[Kunique_identifier_msgs/msg/detail/uuid__struct.hpp: No such file or directory
[1.302s]   359 | #include [01;31m[K"unique_identifier_msgs/msg/detail/uuid__struct.hpp"[m[K
[1.302s]       |          [01;31m[K^~~~~~~~~~~~~~~~~~~~~~~~~~~~~~~~~~~~~~~~~~~~~~~~~~~~[m[K
[1.302s] compilation terminated.
[1.303s] gmake[2]: *** [CMakeFiles/robo_clase22__rosidl_typesupport_cpp.dir/build.make:193: CMakeFiles/robo_clase22__rosidl_typesupport_cpp.dir/rosidl_typesupport_cpp/robo_clase22/action/navigate__type_support.cpp.o] Error 1
[1.303s] gmake[1]: *** [CMakeFiles/Makefile2:398: CMakeFiles/robo_clase22__rosidl_typesupport_cpp.dir/all] Error 2
[1.303s] gmake[2]: *** [CMakeFiles/robo_clase22__rosidl_typesupport_fastrtps_cpp.dir/build.make:201: CMakeFiles/robo_clase22__rosidl_typesupport_fastrtps_cpp.dir/rosidl_typesupport_fastrtps_cpp/robo_clase22/action/detail/dds_fastrtps/navigate__type_support.cpp.o] Error 1
[1.303s] gmake[1]: *** [CMakeFiles/Makefile2:294: CMakeFiles/robo_clase22__rosidl_typesupport_fastrtps_cpp.dir/all] Error 2
[1.306s] In file included from [01m[K/home/thiago/workspaces/ros2_py_ws/build/robo_clase22/rosidl_typesupport_introspection_cpp/robo_clase22/action/detail/navigate__type_support.cpp:12[m[K:
[1.306s] [01m[K/home/thiago/workspaces/ros2_py_ws/build/robo_clase22/rosidl_generator_cpp/robo_clase22/action/detail/navigate__struct.hpp:359:10:[m[K [01;31m[Kfatal error: [m[Kunique_identifier_msgs/msg/detail/uuid__struct.hpp: No such file or directory
[1.306s]   359 | #include [01;31m[K"unique_identifier_msgs/msg/detail/uuid__struct.hpp"[m[K
[1.307s]       |          [01;31m[K^~~~~~~~~~~~~~~~~~~~~~~~~~~~~~~~~~~~~~~~~~~~~~~~~~~~[m[K
[1.307s] compilation terminated.
[1.307s] gmake[2]: *** [CMakeFiles/robo_clase22__rosidl_typesupport_introspection_cpp.dir/build.make:201: CMakeFiles/robo_clase22__rosidl_typesupport_introspection_cpp.dir/rosidl_typesupport_introspection_cpp/robo_clase22/action/detail/navigate__type_support.cpp.o] Error 1
[1.307s] gmake[1]: *** [CMakeFiles/Makefile2:372: CMakeFiles/robo_clase22__rosidl_typesupport_introspection_cpp.dir/all] Error 2
[1.429s] running egg_info
[1.429s] writing robo_clase22.egg-info/PKG-INFO
[1.429s] running egg_info
[1.429s] writing dependency_links to robo_clase22.egg-info/dependency_links.txt
[1.429s] writing top-level names to robo_clase22.egg-info/top_level.txt
[1.430s] writing scripts.egg-info/PKG-INFO
[1.430s] writing dependency_links to scripts.egg-info/dependency_links.txt
[1.430s] writing top-level names to scripts.egg-info/top_level.txt
[1.431s] reading manifest file 'robo_clase22.egg-info/SOURCES.txt'
[1.431s] writing manifest file 'robo_clase22.egg-info/SOURCES.txt'
[1.432s] reading manifest file 'scripts.egg-info/SOURCES.txt'
[1.432s] writing manifest file 'scripts.egg-info/SOURCES.txt'
[1.455s] [ 12%] Built target ament_cmake_python_build_robo_clase22_egg
[1.456s] [ 12%] Built target ament_cmake_python_build_scripts_egg
[1.456s] gmake: *** [Makefile:146: all] Error 2
[1.458s] Invoked command in '/home/thiago/workspaces/ros2_py_ws/build/robo_clase22' returned '2': CMAKE_PREFIX_PATH=/opt/ros/humble /usr/bin/cmake --build /home/thiago/workspaces/ros2_py_ws/build/robo_clase22 -- -j12 -l12
