[0.013s] Invoking command in '/home/thiago/workspaces/ros2_py_ws/build/robo_clase22': CMAKE_PREFIX_PATH=/opt/ros/humble /usr/bin/cmake --build /home/thiago/workspaces/ros2_py_ws/build/robo_clase22 -- -j12 -l12
[0.033s] -- Found ament_cmake: 1.3.3 (/opt/ros/humble/share/ament_cmake/cmake)
[0.141s] -- Override CMake install command with custom implementation using symlinks instead of copying resources
[0.146s] -- Found cv_bridge: 3.2.1 (/opt/ros/humble/share/cv_bridge/cmake)
[0.170s] -- Found rosidl_generator_c: 3.1.4 (/opt/ros/humble/share/rosidl_generator_c/cmake)
[0.171s] -- Found rosidl_adapter: 3.1.4 (/opt/ros/humble/share/rosidl_adapter/cmake)
[0.175s] -- Found rosidl_generator_cpp: 3.1.4 (/opt/ros/humble/share/rosidl_generator_cpp/cmake)
[0.183s] -- Using all available rosidl_typesupport_c: rosidl_typesupport_fastrtps_c;rosidl_typesupport_introspection_c
[0.194s] -- Using all available rosidl_typesupport_cpp: rosidl_typesupport_fastrtps_cpp;rosidl_typesupport_introspection_cpp
[0.359s] -- Found rosidl_default_generators: 1.2.0 (/opt/ros/humble/share/rosidl_default_generators/cmake)
[0.609s] -- Found ament_cmake_ros: 0.10.0 (/opt/ros/humble/share/ament_cmake_ros/cmake)
[0.942s] -- Using all available rosidl_typesupport_c: rosidl_typesupport_fastrtps_c;rosidl_typesupport_introspection_c
[1.070s] -- Using all available rosidl_typesupport_cpp: rosidl_typesupport_fastrtps_cpp;rosidl_typesupport_introspection_cpp
[1.085s] -- Found python_cmake_module: 0.10.0 (/opt/ros/humble/share/python_cmake_module/cmake)
[1.100s] -- Using PYTHON_EXECUTABLE: /usr/bin/python3
[1.100s] -- Using PYTHON_INCLUDE_DIRS: /usr/include/python3.10
[1.100s] -- Using PYTHON_LIBRARIES: /usr/lib/x86_64-linux-gnu/libpython3.10.so
[1.141s] -- Found ament_lint_auto: 0.12.5 (/opt/ros/humble/share/ament_lint_auto/cmake)
[1.155s] -- Added test 'flake8' to check Python code syntax and style conventions
[1.156s] -- Added test 'lint_cmake' to check CMake code style
[1.156s] -- Added test 'pep257' to check Python code against some of the docstring style conventions in PEP 257
[1.157s] -- Added test 'xmllint' to check XML markup files
[1.160s] -- Configuring done
[1.193s] -- Generating done
[1.196s] -- Build files have been written to: /home/thiago/workspaces/ros2_py_ws/build/robo_clase22
[1.214s] [  2%] [34m[1mGenerating C code for ROS interfaces[0m
[1.222s] [  5%] [34m[1mGenerating C++ code for ROS interfaces[0m
[1.228s] [  5%] Built target ament_cmake_python_symlink_robo_clase22
[1.228s] [  5%] Built target ament_cmake_python_symlink_scripts
[1.395s] running egg_info
[1.396s] writing robo_clase22.egg-info/PKG-INFO
[1.396s] writing dependency_links to robo_clase22.egg-info/dependency_links.txt
[1.396s] writing top-level names to robo_clase22.egg-info/top_level.txt
[1.396s] running egg_info
[1.397s] writing scripts.egg-info/PKG-INFO
[1.397s] writing dependency_links to scripts.egg-info/dependency_links.txt
[1.397s] writing top-level names to scripts.egg-info/top_level.txt
[1.398s] reading manifest file 'robo_clase22.egg-info/SOURCES.txt'
[1.398s] writing manifest file 'robo_clase22.egg-info/SOURCES.txt'
[1.399s] reading manifest file 'scripts.egg-info/SOURCES.txt'
[1.399s] writing manifest file 'scripts.egg-info/SOURCES.txt'
[1.422s] [  5%] Built target ament_cmake_python_build_robo_clase22_egg
[1.427s] [  5%] Built target ament_cmake_python_build_scripts_egg
[1.590s] [  5%] Built target robo_clase22__cpp
[1.599s] [  7%] [34m[1mGenerating C++ type support dispatch for ROS interfaces[0m
[1.600s] [ 10%] [34m[1mGenerating C++ introspection for ROS interfaces[0m
[1.600s] [ 12%] [34m[1mGenerating C++ type support for eProsima Fast-RTPS[0m
[1.602s] [35m[1mConsolidate compiler generated dependencies of target robo_clase22__rosidl_generator_c[0m
[1.611s] [ 17%] [32mBuilding C object CMakeFiles/robo_clase22__rosidl_generator_c.dir/rosidl_generator_c/robo_clase22/action/detail/navigate__functions.c.o[0m
[1.611s] [ 17%] [32mBuilding C object CMakeFiles/robo_clase22__rosidl_generator_c.dir/rosidl_generator_c/robo_clase22/srv/detail/odd_even_check__functions.c.o[0m
[1.631s] In file included from [01m[K/home/thiago/workspaces/ros2_py_ws/build/robo_clase22/rosidl_generator_c/robo_clase22/action/detail/navigate__functions.h:19[m[K,
[1.631s]                  from [01m[K/home/thiago/workspaces/ros2_py_ws/build/robo_clase22/rosidl_generator_c/robo_clase22/action/detail/navigate__functions.c:4[m[K:
[1.631s] [01m[K/home/thiago/workspaces/ros2_py_ws/build/robo_clase22/rosidl_generator_c/robo_clase22/action/detail/navigate__struct.h:83:10:[m[K [01;31m[Kfatal error: [m[Kunique_identifier_msgs/msg/detail/uuid__struct.h: No such file or directory
[1.631s]    83 | #include [01;31m[K"unique_identifier_msgs/msg/detail/uuid__struct.h"[m[K
[1.631s]       |          [01;31m[K^~~~~~~~~~~~~~~~~~~~~~~~~~~~~~~~~~~~~~~~~~~~~~~~~~[m[K
[1.631s] compilation terminated.
[1.631s] gmake[2]: *** [CMakeFiles/robo_clase22__rosidl_generator_c.dir/build.make:224: CMakeFiles/robo_clase22__rosidl_generator_c.dir/rosidl_generator_c/robo_clase22/action/detail/navigate__functions.c.o] Error 1
[1.631s] gmake[2]: *** Waiting for unfinished jobs....
[1.680s] gmake[1]: *** [CMakeFiles/Makefile2:216: CMakeFiles/robo_clase22__rosidl_generator_c.dir/all] Error 2
[1.680s] gmake[1]: *** Waiting for unfinished jobs....
[1.861s] [35m[1mConsolidate compiler generated dependencies of target robo_clase22__rosidl_typesupport_cpp[0m
[1.870s] [ 23%] [32mBuilding CXX object CMakeFiles/robo_clase22__rosidl_typesupport_cpp.dir/rosidl_typesupport_cpp/robo_clase22/action/navigate__type_support.cpp.o[0m
[1.870s] [ 23%] [32mBuilding CXX object CMakeFiles/robo_clase22__rosidl_typesupport_cpp.dir/rosidl_typesupport_cpp/robo_clase22/srv/odd_even_check__type_support.cpp.o[0m
[1.911s] [35m[1mConsolidate compiler generated dependencies of target robo_clase22__rosidl_typesupport_introspection_cpp[0m
[1.926s] [ 28%] [32mBuilding CXX object CMakeFiles/robo_clase22__rosidl_typesupport_introspection_cpp.dir/rosidl_typesupport_introspection_cpp/robo_clase22/action/detail/navigate__type_support.cpp.o[0m
[1.926s] [ 28%] [32mBuilding CXX object CMakeFiles/robo_clase22__rosidl_typesupport_introspection_cpp.dir/rosidl_typesupport_introspection_cpp/robo_clase22/srv/detail/odd_even_check__type_support.cpp.o[0m
[1.935s] In file included from [01m[K/home/thiago/workspaces/ros2_py_ws/build/robo_clase22/rosidl_typesupport_cpp/robo_clase22/action/navigate__type_support.cpp:7[m[K:
[1.935s] [01m[K/home/thiago/workspaces/ros2_py_ws/build/robo_clase22/rosidl_generator_cpp/robo_clase22/action/detail/navigate__struct.hpp:359:10:[m[K [01;31m[Kfatal error: [m[Kunique_identifier_msgs/msg/detail/uuid__struct.hpp: No such file or directory
[1.935s]   359 | #include [01;31m[K"unique_identifier_msgs/msg/detail/uuid__struct.hpp"[m[K
[1.935s]       |          [01;31m[K^~~~~~~~~~~~~~~~~~~~~~~~~~~~~~~~~~~~~~~~~~~~~~~~~~~~[m[K
[1.935s] compilation terminated.
[1.936s] gmake[2]: *** [CMakeFiles/robo_clase22__rosidl_typesupport_cpp.dir/build.make:193: CMakeFiles/robo_clase22__rosidl_typesupport_cpp.dir/rosidl_typesupport_cpp/robo_clase22/action/navigate__type_support.cpp.o] Error 1
[1.936s] gmake[2]: *** Waiting for unfinished jobs....
[1.947s] [35m[1mConsolidate compiler generated dependencies of target robo_clase22__rosidl_typesupport_fastrtps_cpp[0m
[1.957s] [ 33%] [32mBuilding CXX object CMakeFiles/robo_clase22__rosidl_typesupport_fastrtps_cpp.dir/rosidl_typesupport_fastrtps_cpp/robo_clase22/action/detail/dds_fastrtps/navigate__type_support.cpp.o[0m
[1.957s] [ 33%] [32mBuilding CXX object CMakeFiles/robo_clase22__rosidl_typesupport_fastrtps_cpp.dir/rosidl_typesupport_fastrtps_cpp/robo_clase22/srv/detail/dds_fastrtps/odd_even_check__type_support.cpp.o[0m
[1.969s] In file included from [01m[K/home/thiago/workspaces/ros2_py_ws/build/robo_clase22/rosidl_typesupport_introspection_cpp/robo_clase22/action/detail/navigate__type_support.cpp:12[m[K:
[1.969s] [01m[K/home/thiago/workspaces/ros2_py_ws/build/robo_clase22/rosidl_generator_cpp/robo_clase22/action/detail/navigate__struct.hpp:359:10:[m[K [01;31m[Kfatal error: [m[Kunique_identifier_msgs/msg/detail/uuid__struct.hpp: No such file or directory
[1.969s]   359 | #include [01;31m[K"unique_identifier_msgs/msg/detail/uuid__struct.hpp"[m[K
[1.969s]       |          [01;31m[K^~~~~~~~~~~~~~~~~~~~~~~~~~~~~~~~~~~~~~~~~~~~~~~~~~~~[m[K
[1.969s] compilation terminated.
[1.970s] gmake[2]: *** [CMakeFiles/robo_clase22__rosidl_typesupport_introspection_cpp.dir/build.make:201: CMakeFiles/robo_clase22__rosidl_typesupport_introspection_cpp.dir/rosidl_typesupport_introspection_cpp/robo_clase22/action/detail/navigate__type_support.cpp.o] Error 1
[1.970s] gmake[2]: *** Waiting for unfinished jobs....
[1.993s] In file included from [01m[K/home/thiago/workspaces/ros2_py_ws/build/robo_clase22/rosidl_typesupport_fastrtps_cpp/robo_clase22/action/detail/navigate__rosidl_typesupport_fastrtps_cpp.hpp:11[m[K,
[1.993s]                  from [01m[K/home/thiago/workspaces/ros2_py_ws/build/robo_clase22/rosidl_typesupport_fastrtps_cpp/robo_clase22/action/detail/dds_fastrtps/navigate__type_support.cpp:4[m[K:
[1.993s] [01m[K/home/thiago/workspaces/ros2_py_ws/build/robo_clase22/rosidl_generator_cpp/robo_clase22/action/detail/navigate__struct.hpp:359:10:[m[K [01;31m[Kfatal error: [m[Kunique_identifier_msgs/msg/detail/uuid__struct.hpp: No such file or directory
[1.993s]   359 | #include [01;31m[K"unique_identifier_msgs/msg/detail/uuid__struct.hpp"[m[K
[1.993s]       |          [01;31m[K^~~~~~~~~~~~~~~~~~~~~~~~~~~~~~~~~~~~~~~~~~~~~~~~~~~~[m[K
[1.993s] compilation terminated.
[1.993s] gmake[2]: *** [CMakeFiles/robo_clase22__rosidl_typesupport_fastrtps_cpp.dir/build.make:201: CMakeFiles/robo_clase22__rosidl_typesupport_fastrtps_cpp.dir/rosidl_typesupport_fastrtps_cpp/robo_clase22/action/detail/dds_fastrtps/navigate__type_support.cpp.o] Error 1
[1.993s] gmake[2]: *** Waiting for unfinished jobs....
[2.126s] gmake[1]: *** [CMakeFiles/Makefile2:398: CMakeFiles/robo_clase22__rosidl_typesupport_cpp.dir/all] Error 2
[2.199s] gmake[1]: *** [CMakeFiles/Makefile2:372: CMakeFiles/robo_clase22__rosidl_typesupport_introspection_cpp.dir/all] Error 2
[2.250s] gmake[1]: *** [CMakeFiles/Makefile2:294: CMakeFiles/robo_clase22__rosidl_typesupport_fastrtps_cpp.dir/all] Error 2
[2.250s] gmake: *** [Makefile:146: all] Error 2
[2.251s] Invoked command in '/home/thiago/workspaces/ros2_py_ws/build/robo_clase22' returned '2': CMAKE_PREFIX_PATH=/opt/ros/humble /usr/bin/cmake --build /home/thiago/workspaces/ros2_py_ws/build/robo_clase22 -- -j12 -l12
